<?xml version="1.0" encoding="UTF-8"?>
<!-- Generated by org.testng.reporters.JUnitXMLReporter -->
<testsuite ignored="0" hostname="Madhurs-MacBook-Air.local" failures="0" tests="3" name="Test_1" time="0.169" errors="0" timestamp="28 May 2020 16:41:42 GMT">
  <testcase classname="com.base.TestBase" name="@BeforeMethod beforeMethod" time="0.133">
    <failure type="java.lang.IllegalStateException" message="The driver is not executable: /Users/maddy/eclipse-workspace/HybridFrameworkSuper/src/main/java/com/drivers/chromedriver">
      <![CDATA[java.lang.IllegalStateException: The driver is not executable: /Users/maddy/eclipse-workspace/HybridFrameworkSuper/src/main/java/com/drivers/chromedriver
at com.google.common.base.Preconditions.checkState(Preconditions.java:534)
at org.openqa.selenium.remote.service.DriverService.checkExecutable(DriverService.java:140)
at org.openqa.selenium.remote.service.DriverService.findExecutable(DriverService.java:131)
at org.openqa.selenium.chrome.ChromeDriverService.access$000(ChromeDriverService.java:32)
at org.openqa.selenium.chrome.ChromeDriverService$Builder.findDefaultExecutable(ChromeDriverService.java:137)
at org.openqa.selenium.remote.service.DriverService$Builder.build(DriverService.java:329)
at org.openqa.selenium.chrome.ChromeDriverService.createDefaultService(ChromeDriverService.java:88)
at org.openqa.selenium.chrome.ChromeDriver.<init>(ChromeDriver.java:124)
at com.utility.TestUtility.selectBrowser(TestUtility.java:64)
at com.base.TestBase.initialization(TestBase.java:103)
at com.base.TestBase.beforeMethod(TestBase.java:190)
at com.tests.RunnerTest.runTest(RunnerTest.java:119)
at com.tests.RunnerTest.main(RunnerTest.java:21)
... Removed 25 stack frames]]>
    </failure>
  </testcase> <!-- @BeforeMethod beforeMethod -->
  <testcase classname="com.base.TestBase" name="@AfterMethod afterMethod" time="0.004">
    <failure type="java.lang.NullPointerException">
      <![CDATA[java.lang.NullPointerException
at com.base.TestBase.afterMethod(TestBase.java:212)
at com.tests.RunnerTest.runTest(RunnerTest.java:119)
at com.tests.RunnerTest.main(RunnerTest.java:21)
... Removed 25 stack frames]]>
    </failure>
  </testcase> <!-- @AfterMethod afterMethod -->
  <testcase classname="com.base.TestBase" name="@AfterClass tearDown" time="0.001">
    <failure type="java.lang.NullPointerException">
      <![CDATA[java.lang.NullPointerException
at com.base.TestBase.tearDown(TestBase.java:230)
at com.tests.RunnerTest.runTest(RunnerTest.java:119)
at com.tests.RunnerTest.main(RunnerTest.java:21)
... Removed 23 stack frames]]>
    </failure>
  </testcase> <!-- @AfterClass tearDown -->
  <testcase classname="com.base.TestBase" name="@BeforeMethod beforeMethod" time="0.0">
    <skipped/>
  </testcase> <!-- @BeforeMethod beforeMethod -->
  <testcase classname="com.base.TestBase" name="@AfterMethod afterMethod" time="0.004">
    <failure type="java.lang.NullPointerException">
      <![CDATA[java.lang.NullPointerException
at com.base.TestBase.afterMethod(TestBase.java:212)
at com.tests.RunnerTest.runTest(RunnerTest.java:119)
at com.tests.RunnerTest.main(RunnerTest.java:21)
... Removed 25 stack frames]]>
    </failure>
  </testcase> <!-- @AfterMethod afterMethod -->
  <testcase classname="com.base.TestBase" name="@BeforeMethod beforeMethod" time="0.0">
    <skipped/>
  </testcase> <!-- @BeforeMethod beforeMethod -->
  <testcase classname="com.base.TestBase" name="@AfterMethod afterMethod" time="0.002">
    <failure type="java.lang.NullPointerException">
      <![CDATA[java.lang.NullPointerException
at com.base.TestBase.afterMethod(TestBase.java:212)
at com.tests.RunnerTest.runTest(RunnerTest.java:119)
at com.tests.RunnerTest.main(RunnerTest.java:21)
... Removed 25 stack frames]]>
    </failure>
  </testcase> <!-- @AfterMethod afterMethod -->
  <testcase classname="com.base.TestBase" name="@AfterClass tearDown" time="0.0">
    <failure type="java.lang.NullPointerException">
      <![CDATA[java.lang.NullPointerException
at com.base.TestBase.tearDown(TestBase.java:230)
at com.tests.RunnerTest.runTest(RunnerTest.java:119)
at com.tests.RunnerTest.main(RunnerTest.java:21)
... Removed 23 stack frames]]>
    </failure>
  </testcase> <!-- @AfterClass tearDown -->
  <testcase classname="com.tests.LoginPageTest" name="loginTest" time="0.0">
    <skipped/>
  </testcase> <!-- loginTest -->
  <testcase classname="com.tests.HomePageTest" name="loginTest" time="0.0">
    <skipped/>
  </testcase> <!-- loginTest -->
  <testcase classname="com.tests.HomePageTest" name="logoTest" time="0.0">
    <skipped/>
  </testcase> <!-- logoTest -->
</testsuite> <!-- Test_1 -->
